Sep 26 14:37 : update: added /wardruna - Lyfjaberg.mp3
Sep 26 14:53 : player: played "wardruna - Lyfjaberg.mp3"
Sep 26 14:55 : update: updating /wardruna - Lyfjaberg.mp3
Sep 26 15:08 : update: added OPM\ test/Heilung - Othan (official track premiere).mp3
Sep 26 15:12 : player: played "OPM\ test/Heilung - Othan (official track premiere).mp3"
Sep 26 15:28 : player: played "OPM\ test/Heilung - Othan (official track premiere).mp3"
Sep 26 15:53 : player: played "OPM\ test/Heilung - Othan (official track premiere).mp3"
Sep 26 15:55 : player: played "wardruna - Lyfjaberg.mp3"
Sep 26 16:05 : update: updating /wardruna - Lyfjaberg.mp3
Sep 26 16:08 : player: played "wardruna - Lyfjaberg.mp3"
Sep 26 16:08 : player: played "OPM\ test/Heilung - Othan (official track premiere).mp3"
Sep 27 09:28 : player: played "wardruna - Lyfjaberg.mp3"
Sep 27 09:47 : player: played "wardruna - Lyfjaberg.mp3"
Sep 27 13:22 : player: played "wardruna - Lyfjaberg.mp3"
Sep 27 13:30 : player: played "wardruna - Lyfjaberg.mp3"
Sep 29 14:58 : player: played "OPM\ test/Heilung - Othan (official track premiere).mp3"
Oct 05 16:25 : update: updating /wardruna - Lyfjaberg.mp3
Oct 05 16:25 : update: updating OPM\ test/Heilung - Othan (official track premiere).mp3
Oct 05 16:27 : player: played "OPM\ test/Heilung - Othan (official track premiere).mp3"
Oct 05 16:29 : update: updating OPM\ test/Heilung - Othan (official track premiere).mp3
Oct 05 16:35 : player: played "OPM\ test/Heilung - Othan (official track premiere).mp3"
Oct 05 16:41 : update: removing wardruna - Lyfjaberg.mp3
Oct 05 16:43 : update: added OPM\ test/wardruna - Lyfjaberg.mp3
Oct 05 16:45 : player: played "OPM\ test/Heilung - Othan (official track premiere).mp3"
Oct 05 16:54 : player: played "OPM\ test/Heilung - Othan (official track premiere).mp3"
Oct 05 18:35 : update: updating OPM\ test/wardruna - Lyfjaberg.mp3
Oct 05 18:37 : update: updating OPM\ test/wardruna - Lyfjaberg.mp3
Oct 05 18:37 : player: played "OPM\ test/wardruna - Lyfjaberg.mp3"
Oct 05 18:45 : player: played "OPM\ test/wardruna - Lyfjaberg.mp3"
